#
# A fatal error has been detected by the Java Runtime Environment:
#
#  EXCEPTION_ACCESS_VIOLATION (0xc0000005) at pc=0x6ec001d0, pid=3792, tid=0x00003698
#
# JRE version: Java(TM) SE Runtime Environment (8.0_181-b13) (build 1.8.0_181-b13)
# Java VM: Java HotSpot(TM) Client VM (25.181-b13 mixed mode windows-x86 )
# Problematic frame:
# C  [msvcr100.dll+0x101d0]
#
# Failed to write core dump. Minidumps are not enabled by default on client versions of Windows
#
# If you would like to submit a bug report, please visit:
#   http://bugreport.java.com/bugreport/crash.jsp
# The crash happened outside the Java Virtual Machine in native code.
# See problematic frame for where to report the bug.
#

---------------  T H R E A D  ---------------

Current thread (0x17ce4c00):  JavaThread "SimulationThread" [_thread_in_native, id=13976, stack(0x20740000,0x20790000)]

siginfo: ExceptionCode=0xc0000005, writing address 0x20b1b000

Registers:
EAX=0x0017d1ef, EBX=0x00000000, ECX=0x20b1b000, EDX=0x00000030
ESP=0x20747c04, EBP=0x20747c64, ESI=0x20807828, EDI=0x207fb410
EIP=0x6ec001d0, EFLAGS=0x00010212

Top of Stack: (sp=0x20747c04)
0x20747c04:   20807828 2080a678 668b8e89 2080a678
0x20747c14:   00000000 0c1a0138 668b75fc 2080a678
0x20747c24:   0c1a0138 00000000 20747c40 207fb4ac
0x20747c34:   207fb410 20817978 20807828 20b13704
0x20747c44:   20b13704 207fb4ac 50ff8001 50ff8001
0x20747c54:   20818a98 0c1b4028 0c1b40e8 50ff8001
0x20747c64:   20747cc0 668b77be 20747c7c 207fb410
0x20747c74:   20807828 20747c94 00000001 00130000 

Instructions: (pc=0x6ec001d0)
0x6ec001b0:   01 8d 49 04 4b 75 f8 5a 8b c2 83 e2 7f c1 e8 07
0x6ec001c0:   74 3e 8d 24 24 90 90 90 90 90 90 90 90 90 90 90
0x6ec001d0:   66 0f 7f 01 66 0f 7f 41 10 66 0f 7f 41 20 66 0f
0x6ec001e0:   7f 41 30 66 0f 7f 41 40 66 0f 7f 41 50 66 0f 7f 


Register to memory mapping:

EAX=0x0017d1ef is an unknown value
EBX=0x00000000 is an unknown value
ECX=0x20b1b000 is an unknown value
EDX=0x00000030 is an unknown value
ESP=0x20747c04 is pointing into the stack for thread: 0x17ce4c00
EBP=0x20747c64 is pointing into the stack for thread: 0x17ce4c00
ESI=0x20807828 is an unknown value
EDI=0x207fb410 is an unknown value


Stack: [0x20740000,0x20790000],  sp=0x20747c04,  free space=31k
Native frames: (J=compiled Java code, j=interpreted, Vv=VM code, C=native code)
C  [msvcr100.dll+0x101d0]
C  [t2k.dll+0x77be]
C  [t2k.dll+0x7862]
C  [t2k.dll+0x151ad]
C  [t2k.dll+0x154f2]
j  sun.font.T2KFontScaler.getGlyphImageNative(Lsun/font/Font2D;JJI)J+0
j  sun.font.T2KFontScaler.getGlyphImage(JI)J+26
J 583 C1 sun.font.FileFontStrike.getGlyphImagePtr(I)J (126 bytes) @ 0x04c33094 [0x04c32b70+0x524]
J 582 C1 sun.font.FileFontStrike.getGlyphMetrics(IZ)Ljava/awt/geom/Point2D$Float; (277 bytes) @ 0x04c30f5c [0x04c30eb0+0xac]
J 581 C1 sun.font.FileFontStrike.getGlyphMetrics(I)Ljava/awt/geom/Point2D$Float; (7 bytes) @ 0x04c30bb8 [0x04c30b80+0x38]
v  ~StubRoutines::call_stub
V  [jvm.dll+0x15c065]
V  [jvm.dll+0x223ade]
V  [jvm.dll+0x15c0fe]
V  [jvm.dll+0xddbfb]
V  [jvm.dll+0xdf5ec]
C  [fontmanager.dll+0x696e]
C  0x20748680

Java frames: (J=compiled Java code, j=interpreted, Vv=VM code)
j  sun.font.T2KFontScaler.getGlyphImageNative(Lsun/font/Font2D;JJI)J+0
j  sun.font.T2KFontScaler.getGlyphImage(JI)J+26
J 583 C1 sun.font.FileFontStrike.getGlyphImagePtr(I)J (126 bytes) @ 0x04c33094 [0x04c32b70+0x524]

[error occurred during error reporting (printing Java stack), id 0xc0000005]


---------------  P R O C E S S  ---------------

Java Threads: ( => current thread )
  0x17ce3000 JavaThread "main" [_thread_blocked, id=11032, stack(0x18300000,0x18350000)]
=>0x17ce4c00 JavaThread "SimulationThread" [_thread_in_native, id=13976, stack(0x20740000,0x20790000)]
  0x17ce4400 JavaThread "Thread-9" daemon [_thread_in_native, id=4016, stack(0x181e0000,0x18230000)]
  0x17ce3c00 JavaThread "Thread-7" [_thread_in_native, id=11112, stack(0x1f080000,0x1f0d0000)]
  0x17cc4800 JavaThread "JavaFX Application Thread" [_thread_in_native, id=14888, stack(0x18b80000,0x18bd0000)]
  0x17cc4400 JavaThread "Thread-6" daemon [_thread_blocked, id=4164, stack(0x18af0000,0x18b40000)]
  0x17ca0800 JavaThread "QuantumRenderer-0" daemon [_thread_blocked, id=13332, stack(0x18960000,0x189b0000)]
  0x0495d800 JavaThread "DestroyJavaVM" [_thread_blocked, id=2988, stack(0x048b0000,0x04900000)]
  0x17a72c00 JavaThread "BlueJ worker thread" [_thread_blocked, id=9184, stack(0x18270000,0x182c0000)]
  0x17a68c00 JavaThread "AWT-Windows" daemon [_thread_in_native, id=4460, stack(0x18020000,0x18070000)]
  0x17a62c00 JavaThread "Java2D Disposer" daemon [_thread_blocked, id=9680, stack(0x17f00000,0x17f50000)]
  0x17126c00 JavaThread "Service Thread" daemon [_thread_blocked, id=10920, stack(0x178e0000,0x17930000)]
  0x1710a400 JavaThread "C1 CompilerThread0" daemon [_thread_blocked, id=2232, stack(0x17850000,0x178a0000)]
  0x17104000 JavaThread "JDWP Command Reader" daemon [_thread_in_native, id=14028, stack(0x177c0000,0x17810000)]
  0x170f6c00 JavaThread "JDWP Event Helper Thread" daemon [_thread_blocked, id=3376, stack(0x17730000,0x17780000)]
  0x170f6400 JavaThread "JDWP Transport Listener: dt_socket" daemon [_thread_blocked, id=8224, stack(0x176a0000,0x176f0000)]
  0x170fa400 JavaThread "Attach Listener" daemon [_thread_blocked, id=14660, stack(0x17610000,0x17660000)]
  0x170f8000 JavaThread "Signal Dispatcher" daemon [_thread_blocked, id=9556, stack(0x17580000,0x175d0000)]
  0x170dc800 JavaThread "Finalizer" daemon [_thread_blocked, id=6908, stack(0x17360000,0x173b0000)]
  0x170c6800 JavaThread "Reference Handler" daemon [_thread_blocked, id=1204, stack(0x17310000,0x17360000)]

Other Threads:
  0x170c0400 VMThread [stack: 0x172c0000,0x17310000] [id=15032]
  0x17115800 WatcherThread [stack: 0x17970000,0x179c0000] [id=14780]

VM state:not at safepoint (normal execution)

VM Mutex/Monitor currently owned by a thread: None

Heap:
 def new generation   total 9408K, used 1137K [0x06c00000, 0x07630000, 0x0c150000)
  eden space 8384K,   2% used [0x06c00000, 0x06c2aca8, 0x07430000)
  from space 1024K,  94% used [0x07530000, 0x07621898, 0x07630000)
  to   space 1024K,   0% used [0x07430000, 0x07430000, 0x07530000)
 tenured generation   total 20696K, used 18433K [0x0c150000, 0x0d586000, 0x16c00000)
   the space 20696K,  89% used [0x0c150000, 0x0d3507c8, 0x0d350800, 0x0d586000)
 Metaspace       used 8280K, capacity 8584K, committed 8704K, reserved 9600K

Card table byte_map: [0x06b30000,0x06bc0000] byte_map_base: 0x06afa000

Polling page: 0x01080000

CodeCache: size=32768Kb used=2287Kb max_used=2287Kb free=30480Kb
 bounds [0x04ab0000, 0x04cf0000, 0x06ab0000]
 total_blobs=1357 nmethods=1077 adapters=218
 compilation: enabled

Compilation events (10 events):
Event: 160.964 Thread 0x1710a400 1077             sun.font.GlyphLayout::nextEngineRecord (81 bytes)
Event: 160.965 Thread 0x1710a400 nmethod 1077 0x04ceaa88 code [0x04ceabe0, 0x04ceafb0]
Event: 160.965 Thread 0x1710a400 1078   !         sun.font.GlyphLayout$LayoutEngineKey::equals (63 bytes)
Event: 160.965 Thread 0x1710a400 nmethod 1078 0x04ceb608 code [0x04ceb710, 0x04ceb88c]
Event: 160.965 Thread 0x1710a400 1079             sun.java2d.pipe.SpanShapeRenderer$Composite::startSequence (15 bytes)
Event: 160.965 Thread 0x1710a400 nmethod 1079 0x04ceb988 code [0x04ceba90, 0x04cebb4c]
Event: 160.965 Thread 0x1710a400 1080             sun.java2d.pipe.SpanShapeRenderer$Composite::renderBox (21 bytes)
Event: 160.965 Thread 0x1710a400 nmethod 1080 0x04cebbc8 code [0x04cebcd0, 0x04cebdac]
Event: 160.965 Thread 0x1710a400 1081             sun.java2d.pipe.SpanShapeRenderer$Composite::endSequence (11 bytes)
Event: 160.965 Thread 0x1710a400 nmethod 1081 0x04cebe08 code [0x04cebf10, 0x04cebfbc]

GC Heap History (10 events):
Event: 160.918 GC heap before
{Heap before GC invocations=37 (full 8):
 def new generation   total 9408K, used 9346K [0x06c00000, 0x07630000, 0x0c150000)
  eden space 8384K, 100% used [0x06c00000, 0x07430000, 0x07430000)
  from space 1024K,  94% used [0x07430000, 0x07520b80, 0x07530000)
  to   space 1024K,   0% used [0x07530000, 0x07530000, 0x07630000)
 tenured generation   total 20696K, used 13765K [0x0c150000, 0x0d586000, 0x16c00000)
   the space 20696K,  66% used [0x0c150000, 0x0cec1550, 0x0cec1600, 0x0d586000)
 Metaspace       used 8279K, capacity 8584K, committed 8704K, reserved 9600K
Event: 160.920 GC heap after
Heap after GC invocations=38 (full 8):
 def new generation   total 9408K, used 967K [0x06c00000, 0x07630000, 0x0c150000)
  eden space 8384K,   0% used [0x06c00000, 0x06c00000, 0x07430000)
  from space 1024K,  94% used [0x07530000, 0x07621f00, 0x07630000)
  to   space 1024K,   0% used [0x07430000, 0x07430000, 0x07530000)
 tenured generation   total 20696K, used 14688K [0x0c150000, 0x0d586000, 0x16c00000)
   the space 20696K,  70% used [0x0c150000, 0x0cfa8188, 0x0cfa8200, 0x0d586000)
 Metaspace       used 8279K, capacity 8584K, committed 8704K, reserved 9600K
}
Event: 160.975 GC heap before
{Heap before GC invocations=38 (full 8):
 def new generation   total 9408K, used 9351K [0x06c00000, 0x07630000, 0x0c150000)
  eden space 8384K, 100% used [0x06c00000, 0x07430000, 0x07430000)
  from space 1024K,  94% used [0x07530000, 0x07621f00, 0x07630000)
  to   space 1024K,   0% used [0x07430000, 0x07430000, 0x07530000)
 tenured generation   total 20696K, used 14688K [0x0c150000, 0x0d586000, 0x16c00000)
   the space 20696K,  70% used [0x0c150000, 0x0cfa8188, 0x0cfa8200, 0x0d586000)
 Metaspace       used 8279K, capacity 8584K, committed 8704K, reserved 9600K
Event: 160.977 GC heap after
Heap after GC invocations=39 (full 8):
 def new generation   total 9408K, used 988K [0x06c00000, 0x07630000, 0x0c150000)
  eden space 8384K,   0% used [0x06c00000, 0x06c00000, 0x07430000)
  from space 1024K,  96% used [0x07430000, 0x07527008, 0x07530000)
  to   space 1024K,   0% used [0x07530000, 0x07530000, 0x07630000)
 tenured generation   total 20696K, used 15616K [0x0c150000, 0x0d586000, 0x16c00000)
   the space 20696K,  75% used [0x0c150000, 0x0d090230, 0x0d090400, 0x0d586000)
 Metaspace       used 8279K, capacity 8584K, committed 8704K, reserved 9600K
}
Event: 161.031 GC heap before
{Heap before GC invocations=39 (full 8):
 def new generation   total 9408K, used 9372K [0x06c00000, 0x07630000, 0x0c150000)
  eden space 8384K, 100% used [0x06c00000, 0x07430000, 0x07430000)
  from space 1024K,  96% used [0x07430000, 0x07527008, 0x07530000)
  to   space 1024K,   0% used [0x07530000, 0x07530000, 0x07630000)
 tenured generation   total 20696K, used 15616K [0x0c150000, 0x0d586000, 0x16c00000)
   the space 20696K,  75% used [0x0c150000, 0x0d090230, 0x0d090400, 0x0d586000)
 Metaspace       used 8279K, capacity 8584K, committed 8704K, reserved 9600K
Event: 161.032 GC heap after
Heap after GC invocations=40 (full 8):
 def new generation   total 9408K, used 967K [0x06c00000, 0x07630000, 0x0c150000)
  eden space 8384K,   0% used [0x06c00000, 0x06c00000, 0x07430000)
  from space 1024K,  94% used [0x07530000, 0x07621e38, 0x07630000)
  to   space 1024K,   0% used [0x07430000, 0x07430000, 0x07530000)
 tenured generation   total 20696K, used 16580K [0x0c150000, 0x0d586000, 0x16c00000)
   the space 20696K,  80% used [0x0c150000, 0x0d1813e8, 0x0d181400, 0x0d586000)
 Metaspace       used 8279K, capacity 8584K, committed 8704K, reserved 9600K
}
Event: 161.087 GC heap before
{Heap before GC invocations=40 (full 8):
 def new generation   total 9408K, used 9351K [0x06c00000, 0x07630000, 0x0c150000)
  eden space 8384K, 100% used [0x06c00000, 0x07430000, 0x07430000)
  from space 1024K,  94% used [0x07530000, 0x07621e38, 0x07630000)
  to   space 1024K,   0% used [0x07430000, 0x07430000, 0x07530000)
 tenured generation   total 20696K, used 16580K [0x0c150000, 0x0d586000, 0x16c00000)
   the space 20696K,  80% used [0x0c150000, 0x0d1813e8, 0x0d181400, 0x0d586000)
 Metaspace       used 8279K, capacity 8584K, committed 8704K, reserved 9600K
Event: 161.089 GC heap after
Heap after GC invocations=41 (full 8):
 def new generation   total 9408K, used 966K [0x06c00000, 0x07630000, 0x0c150000)
  eden space 8384K,   0% used [0x06c00000, 0x06c00000, 0x07430000)
  from space 1024K,  94% used [0x07430000, 0x07521858, 0x07530000)
  to   space 1024K,   0% used [0x07530000, 0x07530000, 0x07630000)
 tenured generation   total 20696K, used 17507K [0x0c150000, 0x0d586000, 0x16c00000)
   the space 20696K,  84% used [0x0c150000, 0x0d268dd8, 0x0d268e00, 0x0d586000)
 Metaspace       used 8279K, capacity 8584K, committed 8704K, reserved 9600K
}
Event: 161.143 GC heap before
{Heap before GC invocations=41 (full 8):
 def new generation   total 9408K, used 9350K [0x06c00000, 0x07630000, 0x0c150000)
  eden space 8384K, 100% used [0x06c00000, 0x07430000, 0x07430000)
  from space 1024K,  94% used [0x07430000, 0x07521858, 0x07530000)
  to   space 1024K,   0% used [0x07530000, 0x07530000, 0x07630000)
 tenured generation   total 20696K, used 17507K [0x0c150000, 0x0d586000, 0x16c00000)
   the space 20696K,  84% used [0x0c150000, 0x0d268dd8, 0x0d268e00, 0x0d586000)
 Metaspace       used 8279K, capacity 8584K, committed 8704K, reserved 9600K
Event: 161.145 GC heap after
Heap after GC invocations=42 (full 8):
 def new generation   total 9408K, used 966K [0x06c00000, 0x07630000, 0x0c150000)
  eden space 8384K,   0% used [0x06c00000, 0x06c00000, 0x07430000)
  from space 1024K,  94% used [0x07530000, 0x07621898, 0x07630000)
  to   space 1024K,   0% used [0x07430000, 0x07430000, 0x07530000)
 tenured generation   total 20696K, used 18433K [0x0c150000, 0x0d586000, 0x16c00000)
   the space 20696K,  89% used [0x0c150000, 0x0d3507c8, 0x0d350800, 0x0d586000)
 Metaspace       used 8279K, capacity 8584K, committed 8704K, reserved 9600K
}

Deoptimization events (0 events):
No events

Classes redefined (0 events):
No events

Internal exceptions (10 events):
Event: 0.627 Thread 0x17bbc800 Exception <a 'java/lang/ClassNotFoundException': sun/net/www/protocol/c/Handler> (0x06d26f18) thrown at [C:\workspace\8-2-build-windows-i586-cygwin\jdk8u181\11358\hotspot\src\share\vm\classfile\systemDictionary.cpp, line 210]
Event: 0.627 Thread 0x17bbc800 Exception <a 'java/lang/ClassNotFoundException': sun/net/www/protocol/c/Handler> (0x06d2cdf8) thrown at [C:\workspace\8-2-build-windows-i586-cygwin\jdk8u181\11358\hotspot\src\share\vm\classfile\systemDictionary.cpp, line 210]
Event: 0.778 Thread 0x17bbc800 Exception <a 'java/io/FileNotFoundException'> (0x06de3820) thrown at [C:\workspace\8-2-build-windows-i586-cygwin\jdk8u181\11358\hotspot\src\share\vm\prims\jni.cpp, line 709]
Event: 0.943 Thread 0x17c4c400 Exception <a 'java/lang/NullPointerException'> (0x06e40528) thrown at [C:\workspace\8-2-build-windows-i586-cygwin\jdk8u181\11358\hotspot\src\share\vm\interpreter\linkResolver.cpp, line 1185]
Event: 137.676 Thread 0x17ce4c00 Exception <a 'java/lang/NullPointerException'> (0x06f85438) thrown at [C:\workspace\8-2-build-windows-i586-cygwin\jdk8u181\11358\hotspot\src\share\vm\interpreter\linkResolver.cpp, line 1185]
Event: 161.146 Thread 0x17ce4c00 Exception <a 'java/lang/StackOverflowError'> (0x06c0ac18) thrown at [C:\workspace\8-2-build-windows-i586-cygwin\jdk8u181\11358\hotspot\src\share\vm\runtime\javaCalls.cpp, line 386]
Event: 161.146 Thread 0x17ce4c00 Exception <a 'java/lang/StackOverflowError'> (0x06c0e838) thrown at [C:\workspace\8-2-build-windows-i586-cygwin\jdk8u181\11358\hotspot\src\share\vm\runtime\javaCalls.cpp, line 386]
Event: 161.146 Thread 0x17ce4c00 Exception <a 'java/lang/StackOverflowError'> (0x06c12458) thrown at [C:\workspace\8-2-build-windows-i586-cygwin\jdk8u181\11358\hotspot\src\share\vm\runtime\javaCalls.cpp, line 386]
Event: 161.146 Thread 0x17ce4c00 Exception <a 'java/lang/StackOverflowError'> (0x06c16088) thrown at [C:\workspace\8-2-build-windows-i586-cygwin\jdk8u181\11358\hotspot\src\share\vm\runtime\javaCalls.cpp, line 386]
Event: 161.146 Thread 0x17ce4c00 Exception <a 'java/lang/StackOverflowError'> (0x06c19ca8) thrown at [C:\workspace\8-2-build-windows-i586-cygwin\jdk8u181\11358\hotspot\src\share\vm\runtime\javaCalls.cpp, line 386]

Events (10 events):
Event: 161.143 Executing VM operation: GenCollectForAllocation
Event: 161.145 Executing VM operation: GenCollectForAllocation done
Event: 161.146 loading class sun/font/FontScalerException
Event: 161.146 loading class sun/font/FontScalerException done
Event: 161.147 Thread 0x17ce4c00 DEOPT PACKING pc=0x04c33094 sp=0x20747e80
Event: 161.147 Thread 0x17ce4c00 DEOPT UNPACKING pc=0x04aec5e5 sp=0x20747d74 mode 1
Event: 161.147 Thread 0x17ce4c00 DEOPT PACKING pc=0x04c30f5c sp=0x20747f50
Event: 161.147 Thread 0x17ce4c00 DEOPT UNPACKING pc=0x04aec5e5 sp=0x20747e5c mode 1
Event: 161.147 Thread 0x17ce4c00 DEOPT PACKING pc=0x04c30bb8 sp=0x20748010
Event: 161.147 Thread 0x17ce4c00 DEOPT UNPACKING pc=0x04aec5e5 sp=0x20747eb0 mode 1


Dynamic libraries:
0x010c0000 - 0x010f3000 	C:\Program Files (x86)\Greenfoot\jdk\jre\bin\java.exe
0x77b50000 - 0x77cdd000 	C:\Windows\SYSTEM32\ntdll.dll
0x77a80000 - 0x77b50000 	C:\Windows\System32\KERNEL32.DLL
0x759e0000 - 0x75bb7000 	C:\Windows\System32\KERNELBASE.dll
0x70a60000 - 0x70afa000 	C:\Windows\SYSTEM32\apphelp.dll
0x74390000 - 0x7440d000 	C:\Windows\System32\SYSFER.DLL
0x779f0000 - 0x77a68000 	C:\Windows\System32\ADVAPI32.dll
0x76420000 - 0x764dd000 	C:\Windows\System32\msvcrt.dll
0x76540000 - 0x76583000 	C:\Windows\System32\sechost.dll
0x758d0000 - 0x7598e000 	C:\Windows\System32\RPCRT4.dll
0x74480000 - 0x744a0000 	C:\Windows\System32\SspiCli.dll
0x74470000 - 0x7447a000 	C:\Windows\System32\CRYPTBASE.dll
0x74b40000 - 0x74b97000 	C:\Windows\System32\bcryptPrimitives.dll
0x76150000 - 0x762c5000 	C:\Windows\System32\USER32.dll
0x76400000 - 0x76416000 	C:\Windows\System32\win32u.dll
0x763c0000 - 0x763e2000 	C:\Windows\System32\GDI32.dll
0x75ff0000 - 0x7614e000 	C:\Windows\System32\gdi32full.dll
0x75f70000 - 0x75fec000 	C:\Windows\System32\msvcp_win.dll
0x74c00000 - 0x74d17000 	C:\Windows\System32\ucrtbase.dll
0x6d250000 - 0x6d461000 	C:\Windows\WinSxS\x86_microsoft.windows.common-controls_6595b64144ccf1df_6.0.16299.192_none_5d760485a7e0eb41\COMCTL32.dll
0x75390000 - 0x755d6000 	C:\Windows\System32\combase.dll
0x779c0000 - 0x779e5000 	C:\Windows\System32\IMM32.DLL
0x6ebf0000 - 0x6ecaf000 	C:\Program Files (x86)\Greenfoot\jdk\jre\bin\msvcr100.dll
0x67de0000 - 0x681b3000 	C:\Program Files (x86)\Greenfoot\jdk\jre\bin\client\jvm.dll
0x746c0000 - 0x746c6000 	C:\Windows\System32\PSAPI.DLL
0x74300000 - 0x74308000 	C:\Windows\SYSTEM32\VERSION.dll
0x70440000 - 0x70464000 	C:\Windows\SYSTEM32\WINMM.dll
0x6eab0000 - 0x6eab8000 	C:\Windows\SYSTEM32\WSOCK32.dll
0x75e10000 - 0x75e76000 	C:\Windows\System32\WS2_32.dll
0x6fe40000 - 0x6fe63000 	C:\Windows\SYSTEM32\WINMMBASE.dll
0x74b00000 - 0x74b38000 	C:\Windows\System32\cfgmgr32.dll
0x6fbe0000 - 0x6fbec000 	C:\Program Files (x86)\Greenfoot\jdk\jre\bin\verify.dll
0x6fb70000 - 0x6fb92000 	C:\Program Files (x86)\Greenfoot\jdk\jre\bin\java.dll
0x65960000 - 0x6598b000 	C:\Program Files (x86)\Greenfoot\jdk\jre\bin\jdwp.dll
0x68900000 - 0x68907000 	C:\Program Files (x86)\Greenfoot\jdk\jre\bin\npt.dll
0x6fb40000 - 0x6fb54000 	C:\Program Files (x86)\Greenfoot\jdk\jre\bin\zip.dll
0x76590000 - 0x778c3000 	C:\Windows\System32\SHELL32.dll
0x77920000 - 0x779a8000 	C:\Windows\System32\shcore.dll
0x74d20000 - 0x752e6000 	C:\Windows\System32\windows.storage.dll
0x75990000 - 0x759d5000 	C:\Windows\System32\shlwapi.dll
0x763f0000 - 0x763fe000 	C:\Windows\System32\kernel.appcore.dll
0x778d0000 - 0x77915000 	C:\Windows\System32\powrprof.dll
0x75c10000 - 0x75c24000 	C:\Windows\System32\profapi.dll
0x67dd0000 - 0x67dd8000 	C:\Program Files (x86)\Greenfoot\jdk\jre\bin\dt_socket.dll
0x70b00000 - 0x70b55000 	C:\Windows\system32\mswsock.dll
0x685c0000 - 0x68707000 	C:\Program Files (x86)\Greenfoot\jdk\jre\bin\awt.dll
0x752f0000 - 0x75383000 	C:\Windows\System32\OLEAUT32.dll
0x6ef70000 - 0x6efe9000 	C:\Windows\system32\uxtheme.dll
0x75600000 - 0x75744000 	C:\Windows\System32\MSCTF.dll
0x702d0000 - 0x702f3000 	C:\Windows\system32\dwmapi.dll
0x75d10000 - 0x75e07000 	C:\Windows\System32\ole32.dll
0x70b90000 - 0x70ba3000 	C:\Windows\SYSTEM32\CRYPTSP.dll
0x70b60000 - 0x70b8f000 	C:\Windows\system32\rsaenh.dll
0x70bb0000 - 0x70bc9000 	C:\Windows\SYSTEM32\bcrypt.dll
0x70320000 - 0x70342000 	C:\Windows\SYSTEM32\USERENV.dll
0x68340000 - 0x68355000 	C:\Program Files (x86)\Greenfoot\jdk\jre\bin\net.dll
0x70730000 - 0x70760000 	C:\Windows\SYSTEM32\IPHLPAPI.DLL
0x77a70000 - 0x77a77000 	C:\Windows\System32\NSI.dll
0x6e030000 - 0x6e043000 	C:\Windows\SYSTEM32\dhcpcsvc6.DLL
0x6e010000 - 0x6e024000 	C:\Windows\SYSTEM32\dhcpcsvc.DLL
0x68f20000 - 0x68f2f000 	C:\Program Files (x86)\Greenfoot\jdk\jre\bin\nio.dll
0x617f0000 - 0x618cf000 	C:\Windows\system32\opengl32.dll
0x668f0000 - 0x66915000 	C:\Windows\SYSTEM32\GLU32.dll
0x6f8b0000 - 0x6f8b3000 	C:\Program Files (x86)\Greenfoot\jdk\jre\bin\api-ms-win-core-console-l1-1-0.dll
0x6f5d0000 - 0x6f5d3000 	C:\Program Files (x86)\Greenfoot\jdk\jre\bin\api-ms-win-core-datetime-l1-1-0.dll
0x6ebe0000 - 0x6ebe3000 	C:\Program Files (x86)\Greenfoot\jdk\jre\bin\api-ms-win-core-debug-l1-1-0.dll
0x6ebd0000 - 0x6ebd3000 	C:\Program Files (x86)\Greenfoot\jdk\jre\bin\api-ms-win-core-errorhandling-l1-1-0.dll
0x6ebc0000 - 0x6ebc4000 	C:\Program Files (x86)\Greenfoot\jdk\jre\bin\api-ms-win-core-file-l1-1-0.dll
0x6ebb0000 - 0x6ebb3000 	C:\Program Files (x86)\Greenfoot\jdk\jre\bin\api-ms-win-core-file-l1-2-0.dll
0x6eba0000 - 0x6eba3000 	C:\Program Files (x86)\Greenfoot\jdk\jre\bin\api-ms-win-core-file-l2-1-0.dll
0x6eb90000 - 0x6eb93000 	C:\Program Files (x86)\Greenfoot\jdk\jre\bin\api-ms-win-core-handle-l1-1-0.dll
0x6eb80000 - 0x6eb83000 	C:\Program Files (x86)\Greenfoot\jdk\jre\bin\api-ms-win-core-heap-l1-1-0.dll
0x6eb70000 - 0x6eb73000 	C:\Program Files (x86)\Greenfoot\jdk\jre\bin\api-ms-win-core-interlocked-l1-1-0.dll
0x6eb60000 - 0x6eb63000 	C:\Program Files (x86)\Greenfoot\jdk\jre\bin\api-ms-win-core-libraryloader-l1-1-0.dll
0x6eb50000 - 0x6eb53000 	C:\Program Files (x86)\Greenfoot\jdk\jre\bin\api-ms-win-core-localization-l1-2-0.dll
0x6eb40000 - 0x6eb43000 	C:\Program Files (x86)\Greenfoot\jdk\jre\bin\api-ms-win-core-memory-l1-1-0.dll
0x6eb30000 - 0x6eb33000 	C:\Program Files (x86)\Greenfoot\jdk\jre\bin\api-ms-win-core-namedpipe-l1-1-0.dll
0x6d730000 - 0x6d733000 	C:\Program Files (x86)\Greenfoot\jdk\jre\bin\api-ms-win-core-processenvironment-l1-1-0.dll
0x6a210000 - 0x6a213000 	C:\Program Files (x86)\Greenfoot\jdk\jre\bin\api-ms-win-core-processthreads-l1-1-0.dll
0x6a200000 - 0x6a203000 	C:\Program Files (x86)\Greenfoot\jdk\jre\bin\api-ms-win-core-processthreads-l1-1-1.dll
0x69ea0000 - 0x69ea3000 	C:\Program Files (x86)\Greenfoot\jdk\jre\bin\api-ms-win-core-profile-l1-1-0.dll
0x69e90000 - 0x69e93000 	C:\Program Files (x86)\Greenfoot\jdk\jre\bin\api-ms-win-core-rtlsupport-l1-1-0.dll
0x69e80000 - 0x69e83000 	C:\Program Files (x86)\Greenfoot\jdk\jre\bin\api-ms-win-core-string-l1-1-0.dll
0x69e70000 - 0x69e73000 	C:\Program Files (x86)\Greenfoot\jdk\jre\bin\api-ms-win-core-synch-l1-1-0.dll
0x69e60000 - 0x69e63000 	C:\Program Files (x86)\Greenfoot\jdk\jre\bin\api-ms-win-core-synch-l1-2-0.dll
0x69e50000 - 0x69e53000 	C:\Program Files (x86)\Greenfoot\jdk\jre\bin\api-ms-win-core-sysinfo-l1-1-0.dll
0x69e40000 - 0x69e43000 	C:\Program Files (x86)\Greenfoot\jdk\jre\bin\api-ms-win-core-timezone-l1-1-0.dll
0x69e30000 - 0x69e33000 	C:\Program Files (x86)\Greenfoot\jdk\jre\bin\api-ms-win-core-util-l1-1-0.dll
0x69e20000 - 0x69e23000 	C:\Program Files (x86)\Greenfoot\jdk\jre\bin\api-ms-win-crt-conio-l1-1-0.dll
0x69e10000 - 0x69e14000 	C:\Program Files (x86)\Greenfoot\jdk\jre\bin\api-ms-win-crt-convert-l1-1-0.dll
0x69e00000 - 0x69e03000 	C:\Program Files (x86)\Greenfoot\jdk\jre\bin\api-ms-win-crt-environment-l1-1-0.dll
0x69df0000 - 0x69df3000 	C:\Program Files (x86)\Greenfoot\jdk\jre\bin\api-ms-win-crt-filesystem-l1-1-0.dll
0x69de0000 - 0x69de3000 	C:\Program Files (x86)\Greenfoot\jdk\jre\bin\api-ms-win-crt-heap-l1-1-0.dll
0x69dd0000 - 0x69dd3000 	C:\Program Files (x86)\Greenfoot\jdk\jre\bin\api-ms-win-crt-locale-l1-1-0.dll
0x69dc0000 - 0x69dc5000 	C:\Program Files (x86)\Greenfoot\jdk\jre\bin\api-ms-win-crt-math-l1-1-0.dll
0x69710000 - 0x69715000 	C:\Program Files (x86)\Greenfoot\jdk\jre\bin\api-ms-win-crt-multibyte-l1-1-0.dll
0x69700000 - 0x69710000 	C:\Program Files (x86)\Greenfoot\jdk\jre\bin\api-ms-win-crt-private-l1-1-0.dll
0x696f0000 - 0x696f3000 	C:\Program Files (x86)\Greenfoot\jdk\jre\bin\api-ms-win-crt-process-l1-1-0.dll
0x696e0000 - 0x696e4000 	C:\Program Files (x86)\Greenfoot\jdk\jre\bin\api-ms-win-crt-runtime-l1-1-0.dll
0x696d0000 - 0x696d4000 	C:\Program Files (x86)\Greenfoot\jdk\jre\bin\api-ms-win-crt-stdio-l1-1-0.dll
0x696c0000 - 0x696c4000 	C:\Program Files (x86)\Greenfoot\jdk\jre\bin\api-ms-win-crt-string-l1-1-0.dll
0x696b0000 - 0x696b3000 	C:\Program Files (x86)\Greenfoot\jdk\jre\bin\api-ms-win-crt-time-l1-1-0.dll
0x696a0000 - 0x696a3000 	C:\Program Files (x86)\Greenfoot\jdk\jre\bin\api-ms-win-crt-utility-l1-1-0.dll
0x69580000 - 0x69698000 	C:\Program Files (x86)\Greenfoot\jdk\jre\bin\ucrtbase.dll
0x69560000 - 0x69574000 	C:\Program Files (x86)\Greenfoot\jdk\jre\bin\vcruntime140.dll
0x68b40000 - 0x68bac000 	C:\Program Files (x86)\Greenfoot\jdk\jre\bin\msvcp140.dll
0x694a0000 - 0x694db000 	C:\Program Files (x86)\Greenfoot\jdk\jre\bin\concrt140.dll
0x693d0000 - 0x693ef000 	C:\Program Files (x86)\Greenfoot\jdk\jre\bin\prism_d3d.dll
0x689d0000 - 0x68b3c000 	C:\Windows\system32\d3d9.dll
0x5a670000 - 0x5dd7e000 	C:\Windows\System32\DriverStore\FileRepository\ki124064.inf_amd64_c15f53d05810a034\igdumdim32.dll
0x746d0000 - 0x74af6000 	C:\Windows\System32\SETUPAPI.dll
0x68990000 - 0x689c8000 	C:\Program Files (x86)\Greenfoot\jdk\jre\bin\glass.dll
0x75c30000 - 0x75d04000 	C:\Windows\System32\COMDLG32.dll
0x593b0000 - 0x5a66d000 	C:\Windows\System32\DriverStore\FileRepository\ki124064.inf_amd64_c15f53d05810a034\igc32.dll
0x67a30000 - 0x67a69000 	C:\Program Files (x86)\Greenfoot\jdk\jre\bin\fontmanager.dll
0x668b0000 - 0x668e2000 	C:\Program Files (x86)\Greenfoot\jdk\jre\bin\t2k.dll
0x66880000 - 0x668a4000 	C:\Program Files (x86)\Greenfoot\jdk\jre\bin\dcpr.dll
0x6d740000 - 0x6d8c1000 	C:\Windows\SYSTEM32\dbghelp.dll

VM Arguments:
jvm_args: -Dawt.useSystemAAFontSettings=on -XX:MaxGCPauseMillis=50 -agentlib:jdwp=transport=dt_socket,address=127.0.0.1:53219 -Dfile.encoding=UTF-8 
java_command: bluej.runtime.ExecServer UTF-8
java_class_path (initial): C:\Program Files (x86)\Greenfoot\lib\extensions\greenfoot.jar;C:\Program Files (x86)\Greenfoot\lib\bluejcore.jar;C:\Program Files (x86)\Greenfoot\lib\bluejeditor.jar;C:\Program Files (x86)\Greenfoot\lib\bluejext.jar;C:\Program Files (x86)\Greenfoot\lib\AppleJavaExtensions.jar;C:\Program Files (x86)\Greenfoot\lib\junit-4.11.jar;C:\Program Files (x86)\Greenfoot\lib\hamcrest-core-1.3.jar;C:\Program Files (x86)\Greenfoot\lib\bluej.jar;C:\Program Files (x86)\Greenfoot\lib\diffutils-1.2.1.jar;C:\Program Files (x86)\Greenfoot\lib\commons-logging-api-1.1.2.jar;C:\Program Files (x86)\Greenfoot\lib\jl1.0.1.jar;C:\Program Files (x86)\Greenfoot\lib\opencsv-2.3.jar;C:\Program Files (x86)\Greenfoot\lib\xom-1.2.9.jar;C:\Program Files (x86)\Greenfoot\lib\lang-stride.jar;C:\Program Files (x86)\Greenfoot\lib\nsmenufx-2.1.4.jar;C:\Program Files (x86)\Greenfoot\lib\richtextfx-fat-0.9.0.jar;C:\Program Files (x86)\Greenfoot\lib\guava-17.0.jar;C:\Program Files (x86)\Greenfoot\lib\javassist-3.18.0.jar;C:\Program Files (x86)\Greenfoot\lib\commons-vfs2-2.0.jar;C:\Program Files (x86)\Greenfoot\lib\httpclient-4.1.1.jar;C:\Program Files (x86)\Greenfoot\lib\httpcore-4.1.jar;C:\Program Files (x86)\Greenfoot\lib\httpmime-4.1.1.jar
Launcher Type: SUN_STANDARD

Environment Variables:
PATH=C:\ProgramData\Oracle\Java\javapath;C:\Program Files\Docker\Docker\Resources\bin;C:\Program Files (x86)\Intel\Intel(R) Management Engine Components\iCLS\;C:\Program Files\Intel\Intel(R) Management Engine Components\iCLS\;C:\Windows\system32;C:\Windows;C:\Windows\System32\Wbem;C:\Windows\System32\WindowsPowerShell\v1.0\;C:\Program Files (x86)\Intel\Intel(R) Management Engine Components\DAL;C:\Program Files\Intel\Intel(R) Management Engine Components\DAL;C:\Program Files (x86)\Intel\Intel(R) Management Engine Components\IPT;C:\Program Files\Intel\Intel(R) Management Engine Components\IPT;C:\Program Files\Git\cmd;C:\Users\gustavom.oliveira\AppData\Local\Microsoft\WindowsApps;C:\Users\gustavom.oliveira\AppData\Local\GitHubDesktop\bin
USERNAME=gustavom.oliveira
OS=Windows_NT
PROCESSOR_IDENTIFIER=Intel64 Family 6 Model 158 Stepping 9, GenuineIntel



---------------  S Y S T E M  ---------------

OS: